producer_class	xtools.gsea.GseaPreranked
producer_timestamp	1440947828360
param	collapse	false
param	plot_top_x	20
param	rnk	/Users/vphan/Quynh/Obesity/RameshRNA-seq/data/processed/GSEA_WAT_HFGTXvsNV_preranked.rnk
param	norm	meandiv
param	scoring_scheme	weighted
param	make_sets	true
param	mode	Max_probe
param	gmx	gseaftp.broadinstitute.org://pub/gsea/gene_sets/c2.cp.kegg.v5.0.symbols.gmt
param	gui	false
param	chip	gseaftp.broadinstitute.org://pub/gsea/annotations/GENE_SYMBOL.chip
param	rpt_label	WAT_HFDGTXvsNDVeh_KEGG
param	help	false
param	out	/Users/vphan/gsea_home/output/aug30
param	include_only_symbols	true
param	set_min	5
param	nperm	1000
param	rnd_seed	149
param	zip_report	false
param	set_max	500

file	/Users/vphan/gsea_home/output/aug30/WAT_HFDGTXvsNDVeh_KEGG.GseaPreranked.1440947828360/index.html
