producer_class	xtools.gsea.GseaPreranked
producer_timestamp	1445133572187
param	collapse	true
param	plot_top_x	20
param	rnk	/Users/vphan/Quynh/Obesity/RameshRNA-seq/data/processed/GSEA_Liver_HFGTXvsHFVeh_preranked.rnk
param	norm	meandiv
param	scoring_scheme	weighted
param	make_sets	true
param	mode	Max_probe
param	gmx	gseaftp.broadinstitute.org://pub/gsea/gene_sets/c5.cc.v5.0.symbols.gmt
param	gui	false
param	chip	/Users/vphan/Downloads/msigdb_v5.0_files_to_download_locally/chip_files/GENE_SYMBOL.chip
param	rpt_label	Liver_HFDGTXvsHFDVeh_CC
param	help	false
param	out	/Users/vphan/gsea_home/output/oct17
param	include_only_symbols	true
param	set_min	15
param	nperm	1000
param	rnd_seed	149
param	zip_report	false
param	set_max	500

file	/Users/vphan/gsea_home/output/oct17/Liver_HFDGTXvsHFDVeh_CC.GseaPreranked.1445133572187/index.html
